TN:
SF:src/Staking.sol
FN:56,Staking.delegateFn
FNDA:0,Staking.delegateFn
DA:57,0
FN:65,Staking.undelegateFn
FNDA:0,Staking.undelegateFn
DA:66,0
FNF:2
FNH:0
LF:2
LH:0
BRF:0
BRH:0
end_of_record
TN:
SF:src/eip4788/BeaconRootsContract.sol
FN:57,BeaconRootsContract.
FNDA:2219883,BeaconRootsContract.
DA:58,2219883
BRDA:58,0,0,197464
BRDA:58,0,1,329320
DA:59,526784
BRDA:59,1,0,197464
BRDA:59,1,1,329320
DA:60,197464
DA:63,329320
DA:66,1693099
FN:79,BeaconRootsContract.get
FNDA:329320,BeaconRootsContract.get
DA:81,329320
BRDA:81,2,0,1
DA:88,329319
BRDA:88,3,0,1025
FN:97,BeaconRootsContract.set
FNDA:1693099,BeaconRootsContract.set
FN:131,BeaconRootsContract.getCoinbase
FNDA:197464,BeaconRootsContract.getCoinbase
FNF:4
FNH:4
LF:7
LH:7
BRF:6
BRH:6
end_of_record
